<?xml version="1.0" encoding="UTF-8"?>
<!-- Generated by org.testng.reporters.JUnitReportReporter -->
<testsuite skipped="0" hostname="Jyothsna" name="testcases.Classc" tests="1" failures="0" timestamp="08 Jul 2019 12:00:05 GMT" time="0.404" errors="0">
  <testcase name="registration" time="0.404" classname="testcases.Classc"/>
</testsuite> <!-- testcases.Classc -->
